0 info it worked if it ends with ok
1 verbose cli [ 'node', '/usr/local/bin/npm', 'install', '--save', 'httpServer' ]
2 info using npm@2.13.4
3 info using node@v0.12.7
4 verbose node symlink /usr/local/bin/node
5 verbose install initial load of /Users/oliverdixon/Downloads/sockettest/server/package.json
6 warn package.json socketio@1.0.0 No repository field.
7 warn package.json socketio@1.0.0 No README data
8 verbose installManyTop reading scoped package data from /Users/oliverdixon/Downloads/sockettest/server/node_modules/engine.io/package.json
9 verbose installManyTop reading scoped package data from /Users/oliverdixon/Downloads/sockettest/server/node_modules/express/package.json
10 verbose installManyTop reading scoped package data from /Users/oliverdixon/Downloads/sockettest/server/node_modules/socket.io/package.json
11 info package.json socket.io@1.3.6 No license field.
12 info package.json engine.io@1.5.4 No license field.
13 verbose readDependencies loading dependencies from /Users/oliverdixon/Downloads/sockettest/server/package.json
14 silly cache add args [ 'httpServer', null ]
15 verbose cache add spec httpServer
16 silly cache add parsed spec { raw: 'httpServer',
16 silly cache add   scope: null,
16 silly cache add   name: 'httpServer',
16 silly cache add   rawSpec: '',
16 silly cache add   spec: '*',
16 silly cache add   type: 'range' }
17 silly addNamed httpServer@*
18 verbose addNamed "*" is a valid semver range for httpServer
19 silly addNameRange { name: 'httpServer', range: '*', hasData: false }
20 silly mapToRegistry name httpServer
21 silly mapToRegistry using default registry
22 silly mapToRegistry registry https://registry.npmjs.org/
23 silly mapToRegistry uri https://registry.npmjs.org/httpServer
24 verbose addNameRange registry:https://registry.npmjs.org/httpServer not in flight; fetching
25 verbose request uri https://registry.npmjs.org/httpServer
26 verbose request no auth needed
27 info attempt registry request try #1 at 19:41:49
28 verbose request id 1dcd69c51205cc44
29 http request GET https://registry.npmjs.org/httpServer
30 http 404 https://registry.npmjs.org/httpServer
31 verbose headers { 'content-type': 'application/json',
31 verbose headers   'cache-control': 'max-age=0',
31 verbose headers   'content-length': '2',
31 verbose headers   'accept-ranges': 'bytes',
31 verbose headers   date: 'Thu, 08 Oct 2015 17:41:34 GMT',
31 verbose headers   via: '1.1 varnish',
31 verbose headers   age: '0',
31 verbose headers   connection: 'keep-alive',
31 verbose headers   'x-served-by': 'cache-ams4125-AMS',
31 verbose headers   'x-cache': 'MISS',
31 verbose headers   'x-cache-hits': '0',
31 verbose headers   'x-timer': 'S1444326094.084471,VS0,VE376' }
32 silly get cb [ 404,
32 silly get   { 'content-type': 'application/json',
32 silly get     'cache-control': 'max-age=0',
32 silly get     'content-length': '2',
32 silly get     'accept-ranges': 'bytes',
32 silly get     date: 'Thu, 08 Oct 2015 17:41:34 GMT',
32 silly get     via: '1.1 varnish',
32 silly get     age: '0',
32 silly get     connection: 'keep-alive',
32 silly get     'x-served-by': 'cache-ams4125-AMS',
32 silly get     'x-cache': 'MISS',
32 silly get     'x-cache-hits': '0',
32 silly get     'x-timer': 'S1444326094.084471,VS0,VE376' } ]
33 verbose stack Error: Registry returned 404 for GET on https://registry.npmjs.org/httpServer
33 verbose stack     at CachingRegistryClient.<anonymous> (/usr/local/lib/node_modules/npm/node_modules/npm-registry-client/lib/request.js:239:14)
33 verbose stack     at Request._callback (/usr/local/lib/node_modules/npm/node_modules/npm-registry-client/lib/request.js:170:14)
33 verbose stack     at Request.self.callback (/usr/local/lib/node_modules/npm/node_modules/request/request.js:198:22)
33 verbose stack     at Request.emit (events.js:110:17)
33 verbose stack     at Request.<anonymous> (/usr/local/lib/node_modules/npm/node_modules/request/request.js:1057:14)
33 verbose stack     at Request.emit (events.js:129:20)
33 verbose stack     at IncomingMessage.<anonymous> (/usr/local/lib/node_modules/npm/node_modules/request/request.js:1003:12)
33 verbose stack     at IncomingMessage.emit (events.js:129:20)
33 verbose stack     at _stream_readable.js:908:16
33 verbose stack     at process._tickCallback (node.js:355:11)
34 verbose statusCode 404
35 verbose pkgid httpServer
36 verbose cwd /Users/oliverdixon/Downloads/sockettest/server
37 error Darwin 15.0.0
38 error argv "node" "/usr/local/bin/npm" "install" "--save" "httpServer"
39 error node v0.12.7
40 error npm  v2.13.4
41 error code E404
42 error 404 Registry returned 404 for GET on https://registry.npmjs.org/httpServer
42 error 404
42 error 404 'httpServer' is not in the npm registry.
42 error 404 Your package name is not valid, because
42 error 404
42 error 404  1. name can no longer contain capital letters
42 error 404 It was specified as a dependency of 'socketio'
42 error 404
42 error 404 Note that you can also install from a
42 error 404 tarball, folder, http url, or git url.
43 verbose exit [ 1, true ]
